$$$ exec p1 : [solution/target/debug/solution]
$$$ exec p1 : [solution/target/debug/solution]
Anfield 40 30:
$$$ exec p1 : [solution/target/debug/solution]
Anfield 40 30:
    0123456789012345678901234567890123456789
$$$ exec p1 : [solution/target/debug/solution]
Anfield 40 30:
    0123456789012345678901234567890123456789
000 ........................................
$$$ exec p1 : [solution/target/debug/solution]
Anfield 40 30:
    0123456789012345678901234567890123456789
000 ........................................
001 ........................................
$$$ exec p1 : [solution/target/debug/solution]
Anfield 40 30:
    0123456789012345678901234567890123456789
000 ........................................
001 ........................................
002 ........................................
$$$ exec p1 : [solution/target/debug/solution]
Anfield 40 30:
    0123456789012345678901234567890123456789
000 ........................................
001 ........................................
002 ........................................
003 ....@...................................
$$$ exec p1 : [solution/target/debug/solution]
Anfield 40 30:
    0123456789012345678901234567890123456789
000 ........................................
001 ........................................
002 ........................................
003 ....@...................................
004 ........................................
$$$ exec p1 : [solution/target/debug/solution]
Anfield 40 30:
    0123456789012345678901234567890123456789
000 ........................................
001 ........................................
002 ........................................
003 ....@...................................
004 ........................................
005 ........................................
$$$ exec p1 : [solution/target/debug/solution]
Anfield 40 30:
    0123456789012345678901234567890123456789
000 ........................................
001 ........................................
002 ........................................
003 ....@...................................
004 ........................................
005 ........................................
006 ........................................
$$$ exec p1 : [solution/target/debug/solution]
Anfield 40 30:
    0123456789012345678901234567890123456789
000 ........................................
001 ........................................
002 ........................................
003 ....@...................................
004 ........................................
005 ........................................
006 ........................................
007 ........................................
$$$ exec p1 : [solution/target/debug/solution]
Anfield 40 30:
    0123456789012345678901234567890123456789
000 ........................................
001 ........................................
002 ........................................
003 ....@...................................
004 ........................................
005 ........................................
006 ........................................
007 ........................................
008 ........................................
$$$ exec p1 : [solution/target/debug/solution]
Anfield 40 30:
    0123456789012345678901234567890123456789
000 ........................................
001 ........................................
002 ........................................
003 ....@...................................
004 ........................................
005 ........................................
006 ........................................
007 ........................................
008 ........................................
009 ........................................
$$$ exec p1 : [solution/target/debug/solution]
Anfield 40 30:
    0123456789012345678901234567890123456789
000 ........................................
001 ........................................
002 ........................................
003 ....@...................................
004 ........................................
005 ........................................
006 ........................................
007 ........................................
008 ........................................
009 ........................................
010 ........................................
$$$ exec p1 : [solution/target/debug/solution]
Anfield 40 30:
    0123456789012345678901234567890123456789
000 ........................................
001 ........................................
002 ........................................
003 ....@...................................
004 ........................................
005 ........................................
006 ........................................
007 ........................................
008 ........................................
009 ........................................
010 ........................................
011 ........................................
$$$ exec p1 : [solution/target/debug/solution]
Anfield 40 30:
    0123456789012345678901234567890123456789
000 ........................................
001 ........................................
002 ........................................
003 ....@...................................
004 ........................................
005 ........................................
006 ........................................
007 ........................................
008 ........................................
009 ........................................
010 ........................................
011 ........................................
012 ........................................
$$$ exec p1 : [solution/target/debug/solution]
Anfield 40 30:
    0123456789012345678901234567890123456789
000 ........................................
001 ........................................
002 ........................................
003 ....@...................................
004 ........................................
005 ........................................
006 ........................................
007 ........................................
008 ........................................
009 ........................................
010 ........................................
011 ........................................
012 ........................................
013 ........................................
$$$ exec p1 : [solution/target/debug/solution]
Anfield 40 30:
    0123456789012345678901234567890123456789
000 ........................................
001 ........................................
002 ........................................
003 ....@...................................
004 ........................................
005 ........................................
006 ........................................
007 ........................................
008 ........................................
009 ........................................
010 ........................................
011 ........................................
012 ........................................
013 ........................................
014 ........................................
$$$ exec p1 : [solution/target/debug/solution]
Anfield 40 30:
    0123456789012345678901234567890123456789
000 ........................................
001 ........................................
002 ........................................
003 ....@...................................
004 ........................................
005 ........................................
006 ........................................
007 ........................................
008 ........................................
009 ........................................
010 ........................................
011 ........................................
012 ........................................
013 ........................................
014 ........................................
015 ........................................
$$$ exec p1 : [solution/target/debug/solution]
Anfield 40 30:
    0123456789012345678901234567890123456789
000 ........................................
001 ........................................
002 ........................................
003 ....@...................................
004 ........................................
005 ........................................
006 ........................................
007 ........................................
008 ........................................
009 ........................................
010 ........................................
011 ........................................
012 ........................................
013 ........................................
014 ........................................
015 ........................................
016 ........................................
$$$ exec p1 : [solution/target/debug/solution]
Anfield 40 30:
    0123456789012345678901234567890123456789
000 ........................................
001 ........................................
002 ........................................
003 ....@...................................
004 ........................................
005 ........................................
006 ........................................
007 ........................................
008 ........................................
009 ........................................
010 ........................................
011 ........................................
012 ........................................
013 ........................................
014 ........................................
015 ........................................
016 ........................................
017 ........................................
$$$ exec p1 : [solution/target/debug/solution]
Anfield 40 30:
    0123456789012345678901234567890123456789
000 ........................................
001 ........................................
002 ........................................
003 ....@...................................
004 ........................................
005 ........................................
006 ........................................
007 ........................................
008 ........................................
009 ........................................
010 ........................................
011 ........................................
012 ........................................
013 ........................................
014 ........................................
015 ........................................
016 ........................................
017 ........................................
018 ........................................
$$$ exec p1 : [solution/target/debug/solution]
Anfield 40 30:
    0123456789012345678901234567890123456789
000 ........................................
001 ........................................
002 ........................................
003 ....@...................................
004 ........................................
005 ........................................
006 ........................................
007 ........................................
008 ........................................
009 ........................................
010 ........................................
011 ........................................
012 ........................................
013 ........................................
014 ........................................
015 ........................................
016 ........................................
017 ........................................
018 ........................................
019 ........................................
$$$ exec p1 : [solution/target/debug/solution]
Anfield 40 30:
    0123456789012345678901234567890123456789
000 ........................................
001 ........................................
002 ........................................
003 ....@...................................
004 ........................................
005 ........................................
006 ........................................
007 ........................................
008 ........................................
009 ........................................
010 ........................................
011 ........................................
012 ........................................
013 ........................................
014 ........................................
015 ........................................
016 ........................................
017 ........................................
018 ........................................
019 ........................................
020 ........................................
$$$ exec p1 : [solution/target/debug/solution]
Anfield 40 30:
    0123456789012345678901234567890123456789
000 ........................................
001 ........................................
002 ........................................
003 ....@...................................
004 ........................................
005 ........................................
006 ........................................
007 ........................................
008 ........................................
009 ........................................
010 ........................................
011 ........................................
012 ........................................
013 ........................................
014 ........................................
015 ........................................
016 ........................................
017 ........................................
018 ........................................
019 ........................................
020 ........................................
021 ........................................
$$$ exec p1 : [solution/target/debug/solution]
Anfield 40 30:
    0123456789012345678901234567890123456789
000 ........................................
001 ........................................
002 ........................................
003 ....@...................................
004 ........................................
005 ........................................
006 ........................................
007 ........................................
008 ........................................
009 ........................................
010 ........................................
011 ........................................
012 ........................................
013 ........................................
014 ........................................
015 ........................................
016 ........................................
017 ........................................
018 ........................................
019 ........................................
020 ........................................
021 ........................................
022 ........................................
$$$ exec p1 : [solution/target/debug/solution]
Anfield 40 30:
    0123456789012345678901234567890123456789
000 ........................................
001 ........................................
002 ........................................
003 ....@...................................
004 ........................................
005 ........................................
006 ........................................
007 ........................................
008 ........................................
009 ........................................
010 ........................................
011 ........................................
012 ........................................
013 ........................................
014 ........................................
015 ........................................
016 ........................................
017 ........................................
018 ........................................
019 ........................................
020 ........................................
021 ........................................
022 ........................................
023 ........................................
$$$ exec p1 : [solution/target/debug/solution]
Anfield 40 30:
    0123456789012345678901234567890123456789
000 ........................................
001 ........................................
002 ........................................
003 ....@...................................
004 ........................................
005 ........................................
006 ........................................
007 ........................................
008 ........................................
009 ........................................
010 ........................................
011 ........................................
012 ........................................
013 ........................................
014 ........................................
015 ........................................
016 ........................................
017 ........................................
018 ........................................
019 ........................................
020 ........................................
021 ........................................
022 ........................................
023 ........................................
024 ........................................
$$$ exec p1 : [solution/target/debug/solution]
Anfield 40 30:
    0123456789012345678901234567890123456789
000 ........................................
001 ........................................
002 ........................................
003 ....@...................................
004 ........................................
005 ........................................
006 ........................................
007 ........................................
008 ........................................
009 ........................................
010 ........................................
011 ........................................
012 ........................................
013 ........................................
014 ........................................
015 ........................................
016 ........................................
017 ........................................
018 ........................................
019 ........................................
020 ........................................
021 ........................................
022 ........................................
023 ........................................
024 ........................................
025 ........................................
$$$ exec p1 : [solution/target/debug/solution]
Anfield 40 30:
    0123456789012345678901234567890123456789
000 ........................................
001 ........................................
002 ........................................
003 ....@...................................
004 ........................................
005 ........................................
006 ........................................
007 ........................................
008 ........................................
009 ........................................
010 ........................................
011 ........................................
012 ........................................
013 ........................................
014 ........................................
015 ........................................
016 ........................................
017 ........................................
018 ........................................
019 ........................................
020 ........................................
021 ........................................
022 ........................................
023 ........................................
024 ........................................
025 ........................................
026 ................................$.......
$$$ exec p1 : [solution/target/debug/solution]
Anfield 40 30:
    0123456789012345678901234567890123456789
000 ........................................
001 ........................................
002 ........................................
003 ....@...................................
004 ........................................
005 ........................................
006 ........................................
007 ........................................
008 ........................................
009 ........................................
010 ........................................
011 ........................................
012 ........................................
013 ........................................
014 ........................................
015 ........................................
016 ........................................
017 ........................................
018 ........................................
019 ........................................
020 ........................................
021 ........................................
022 ........................................
023 ........................................
024 ........................................
025 ........................................
026 ................................$.......
027 ........................................
$$$ exec p1 : [solution/target/debug/solution]
Anfield 40 30:
    0123456789012345678901234567890123456789
000 ........................................
001 ........................................
002 ........................................
003 ....@...................................
004 ........................................
005 ........................................
006 ........................................
007 ........................................
008 ........................................
009 ........................................
010 ........................................
011 ........................................
012 ........................................
013 ........................................
014 ........................................
015 ........................................
016 ........................................
017 ........................................
018 ........................................
019 ........................................
020 ........................................
021 ........................................
022 ........................................
023 ........................................
024 ........................................
025 ........................................
026 ................................$.......
027 ........................................
028 ........................................
$$$ exec p1 : [solution/target/debug/solution]
Anfield 40 30:
    0123456789012345678901234567890123456789
000 ........................................
001 ........................................
002 ........................................
003 ....@...................................
004 ........................................
005 ........................................
006 ........................................
007 ........................................
008 ........................................
009 ........................................
010 ........................................
011 ........................................
012 ........................................
013 ........................................
014 ........................................
015 ........................................
016 ........................................
017 ........................................
018 ........................................
019 ........................................
020 ........................................
021 ........................................
022 ........................................
023 ........................................
024 ........................................
025 ........................................
026 ................................$.......
027 ........................................
028 ........................................
029 ........................................
$$$ exec p1 : [solution/target/debug/solution]
Anfield 40 30:
    0123456789012345678901234567890123456789
000 ........................................
001 ........................................
002 ........................................
003 ....@...................................
004 ........................................
005 ........................................
006 ........................................
007 ........................................
008 ........................................
009 ........................................
010 ........................................
011 ........................................
012 ........................................
013 ........................................
014 ........................................
015 ........................................
016 ........................................
017 ........................................
018 ........................................
019 ........................................
020 ........................................
021 ........................................
022 ........................................
023 ........................................
024 ........................................
025 ........................................
026 ................................$.......
027 ........................................
028 ........................................
029 ........................................
Piece 8 2:
$$$ exec p1 : [solution/target/debug/solution]
Anfield 40 30:
    0123456789012345678901234567890123456789
000 ........................................
001 ........................................
002 ........................................
003 ....@...................................
004 ........................................
005 ........................................
006 ........................................
007 ........................................
008 ........................................
009 ........................................
010 ........................................
011 ........................................
012 ........................................
013 ........................................
014 ........................................
015 ........................................
016 ........................................
017 ........................................
018 ........................................
019 ........................................
020 ........................................
021 ........................................
022 ........................................
023 ........................................
024 ........................................
025 ........................................
026 ................................$.......
027 ........................................
028 ........................................
029 ........................................
Piece 8 2:
.....O..
$$$ exec p1 : [solution/target/debug/solution]
Anfield 40 30:
    0123456789012345678901234567890123456789
000 ........................................
001 ........................................
002 ........................................
003 ....@...................................
004 ........................................
005 ........................................
006 ........................................
007 ........................................
008 ........................................
009 ........................................
010 ........................................
011 ........................................
012 ........................................
013 ........................................
014 ........................................
015 ........................................
016 ........................................
017 ........................................
018 ........................................
019 ........................................
020 ........................................
021 ........................................
022 ........................................
023 ........................................
024 ........................................
025 ........................................
026 ................................$.......
027 ........................................
028 ........................................
029 ........................................
Piece 8 2:
.....O..
......O.
$$$ exec p1 : [solution/target/debug/solution]
Anfield 40 30:
    0123456789012345678901234567890123456789
000 ........................................
001 ........................................
002 ........................................
003 ....@...................................
004 ........................................
005 ........................................
006 ........................................
007 ........................................
008 ........................................
009 ........................................
010 ........................................
011 ........................................
012 ........................................
013 ........................................
014 ........................................
015 ........................................
016 ........................................
017 ........................................
018 ........................................
019 ........................................
020 ........................................
021 ........................................
022 ........................................
023 ........................................
024 ........................................
025 ........................................
026 ................................$.......
027 ........................................
028 ........................................
029 ........................................
Piece 8 2:
.....O..
......O.
